nohup: ignoring input
12/24/2021 14:44:33 - INFO - __main__ -   initializing cuda...
12/24/2021 14:44:33 - INFO - __main__ -   Input Argument Information
12/24/2021 14:44:33 - INFO - __main__ -   config_name                   vanilla
12/24/2021 14:44:33 - INFO - __main__ -   inputter_name                 vanilla_bos
12/24/2021 14:44:33 - INFO - __main__ -   seed                          0
12/24/2021 14:44:33 - INFO - __main__ -   load_checkpoint               /home/pengwei.pw/fourth_next/phy_diag/codes_zcj/DATA/vanilla_bos.vanilla/2021-12-24105009.3e-05.16.1gpu/epoch-1.bin
12/24/2021 14:44:33 - INFO - __main__ -   fp16                          False
12/24/2021 14:44:33 - INFO - __main__ -   max_input_length              160
12/24/2021 14:44:33 - INFO - __main__ -   max_src_turn                  None
12/24/2021 14:44:33 - INFO - __main__ -   max_decoder_input_length      40
12/24/2021 14:44:33 - INFO - __main__ -   max_knowledge_length          None
12/24/2021 14:44:33 - INFO - __main__ -   label_num                     None
12/24/2021 14:44:33 - INFO - __main__ -   multi_knl                     False
12/24/2021 14:44:33 - INFO - __main__ -   only_encode                   False
12/24/2021 14:44:33 - INFO - __main__ -   only_generate                 False
12/24/2021 14:44:33 - INFO - __main__ -   chinese                       False
12/24/2021 14:44:33 - INFO - __main__ -   add_nlg_eval                  True
12/24/2021 14:44:33 - INFO - __main__ -   min_length                    10
12/24/2021 14:44:33 - INFO - __main__ -   max_length                    40
12/24/2021 14:44:33 - INFO - __main__ -   num_return_sequences          1
12/24/2021 14:44:33 - INFO - __main__ -   infer_batch_size              16
12/24/2021 14:44:33 - INFO - __main__ -   infer_input_file              ['/home/pengwei.pw/fourth_next/phy_diag/codes_zcj/DATA/test.txt']
12/24/2021 14:44:33 - INFO - __main__ -   temperature                   0.7
12/24/2021 14:44:33 - INFO - __main__ -   top_k                         0
12/24/2021 14:44:33 - INFO - __main__ -   top_p                         0.9
12/24/2021 14:44:33 - INFO - __main__ -   num_beams                     1
12/24/2021 14:44:33 - INFO - __main__ -   length_penalty                1.0
12/24/2021 14:44:33 - INFO - __main__ -   repetition_penalty            1.0
12/24/2021 14:44:33 - INFO - __main__ -   no_repeat_ngram_size          3
12/24/2021 14:44:33 - INFO - __main__ -   device                        cuda
12/24/2021 14:44:33 - INFO - __main__ -   n_gpu                         1
Some weights of Model were not initialized from the model checkpoint at /data/pretrained_models/blender_small and are newly initialized: ['linear.bias', 'linear.weight']
You should probably TRAIN this model on a down-stream task to be able to use it for predictions and inference.
12/24/2021 14:44:34 - INFO - utils.building_utils -   loading finetuned model from /home/pengwei.pw/fourth_next/phy_diag/codes_zcj/DATA/vanilla_bos.vanilla/2021-12-24105009.3e-05.16.1gpu/epoch-1.bin
12/24/2021 14:44:35 - INFO - utils.building_utils -   deploying model...
12/24/2021 14:44:35 - INFO - __main__ -   Number of parameter = 88033792
12/24/2021 14:44:35 - INFO - utils.eval_utils -   compute eval model loss, using eval mode, please change it back to train after calling this function
validating:   0%|          | 0/195 [00:00<?, ?it/s]validating:   1%|          | 1/195 [00:06<19:46,  6.11s/it]validating:   1%|          | 2/195 [00:11<19:09,  5.95s/it]validating:   2%|▏         | 3/195 [00:16<17:40,  5.52s/it]validating:   2%|▏         | 4/195 [00:22<17:46,  5.59s/it]validating:   3%|▎         | 5/195 [00:29<18:56,  5.98s/it]validating:   3%|▎         | 6/195 [00:40<23:57,  7.60s/it]validating:   4%|▎         | 7/195 [00:46<22:50,  7.29s/it]validating:   4%|▍         | 8/195 [00:51<20:26,  6.56s/it]validating:   5%|▍         | 9/195 [00:57<19:37,  6.33s/it]validating:   5%|▌         | 10/195 [01:06<22:10,  7.19s/it]validating:   6%|▌         | 11/195 [01:13<21:54,  7.15s/it]validating:   6%|▌         | 12/195 [01:18<19:46,  6.48s/it]validating:   7%|▋         | 13/195 [01:24<18:44,  6.18s/it]validating:   7%|▋         | 14/195 [01:29<17:33,  5.82s/it]validating:   8%|▊         | 15/195 [01:34<17:05,  5.70s/it]validating:   8%|▊         | 16/195 [01:38<15:36,  5.23s/it]validating:   9%|▊         | 17/195 [01:46<17:31,  5.91s/it]validating:   9%|▉         | 18/195 [01:52<18:02,  6.11s/it]validating:  10%|▉         | 19/195 [01:57<16:55,  5.77s/it]validating:  10%|█         | 20/195 [02:06<19:44,  6.77s/it]validating:  11%|█         | 21/195 [02:13<19:07,  6.59s/it]validating:  11%|█▏        | 22/195 [02:19<18:41,  6.48s/it]validating:  12%|█▏        | 23/195 [02:27<20:08,  7.03s/it]validating:  12%|█▏        | 24/195 [02:31<17:16,  6.06s/it]validating:  13%|█▎        | 25/195 [02:39<18:43,  6.61s/it]validating:  13%|█▎        | 26/195 [02:47<19:41,  6.99s/it]validating:  14%|█▍        | 27/195 [02:52<18:12,  6.50s/it]validating:  14%|█▍        | 28/195 [02:58<18:04,  6.49s/it]validating:  15%|█▍        | 29/195 [03:03<16:39,  6.02s/it]validating:  15%|█▌        | 30/195 [03:08<15:42,  5.71s/it]validating:  16%|█▌        | 31/195 [03:17<17:42,  6.48s/it]validating:  16%|█▋        | 32/195 [03:22<16:28,  6.07s/it]validating:  17%|█▋        | 33/195 [03:26<14:51,  5.50s/it]validating:  17%|█▋        | 34/195 [03:32<14:59,  5.59s/it]validating:  18%|█▊        | 35/195 [03:37<14:46,  5.54s/it]validating:  18%|█▊        | 36/195 [03:42<13:57,  5.27s/it]validating:  19%|█▉        | 37/195 [03:45<12:21,  4.69s/it]validating:  19%|█▉        | 38/195 [03:51<12:49,  4.90s/it]validating:  20%|██        | 39/195 [03:57<13:50,  5.32s/it]validating:  21%|██        | 40/195 [04:03<14:06,  5.46s/it]validating:  21%|██        | 41/195 [04:10<15:17,  5.96s/it]validating:  22%|██▏       | 42/195 [04:14<14:05,  5.53s/it]validating:  22%|██▏       | 43/195 [04:19<13:42,  5.41s/it]validating:  23%|██▎       | 44/195 [04:27<15:13,  6.05s/it]validating:  23%|██▎       | 45/195 [04:31<13:59,  5.60s/it]validating:  24%|██▎       | 46/195 [04:38<14:43,  5.93s/it]validating:  24%|██▍       | 47/195 [04:43<13:55,  5.64s/it]validating:  25%|██▍       | 48/195 [04:47<12:45,  5.21s/it]validating:  25%|██▌       | 49/195 [04:54<14:00,  5.76s/it]validating:  26%|██▌       | 50/195 [05:06<18:11,  7.53s/it]validating:  26%|██▌       | 51/195 [05:10<15:19,  6.39s/it]validating:  27%|██▋       | 52/195 [05:14<13:57,  5.86s/it]validating:  27%|██▋       | 53/195 [05:22<15:06,  6.38s/it]validating:  28%|██▊       | 54/195 [05:28<14:33,  6.19s/it]validating:  28%|██▊       | 55/195 [05:32<13:01,  5.59s/it]validating:  29%|██▊       | 56/195 [05:39<14:13,  6.14s/it]validating:  29%|██▉       | 57/195 [05:43<12:12,  5.31s/it]validating:  30%|██▉       | 58/195 [05:48<11:54,  5.22s/it]validating:  30%|███       | 59/195 [05:56<13:53,  6.13s/it]validating:  31%|███       | 60/195 [06:01<13:16,  5.90s/it]validating:  31%|███▏      | 61/195 [06:06<12:01,  5.38s/it]validating:  32%|███▏      | 62/195 [06:16<15:12,  6.86s/it]validating:  32%|███▏      | 63/195 [06:20<13:33,  6.16s/it]validating:  33%|███▎      | 64/195 [06:32<17:01,  7.80s/it]validating:  33%|███▎      | 65/195 [06:40<16:56,  7.82s/it]validating:  34%|███▍      | 66/195 [06:45<15:17,  7.11s/it]validating:  34%|███▍      | 67/195 [06:53<15:14,  7.15s/it]validating:  35%|███▍      | 68/195 [06:58<13:59,  6.61s/it]validating:  35%|███▌      | 69/195 [07:03<12:52,  6.13s/it]validating:  36%|███▌      | 70/195 [07:09<12:33,  6.03s/it]validating:  36%|███▋      | 71/195 [07:13<11:34,  5.60s/it]validating:  37%|███▋      | 72/195 [07:18<10:49,  5.28s/it]validating:  37%|███▋      | 73/195 [07:24<11:07,  5.47s/it]validating:  38%|███▊      | 74/195 [07:30<11:28,  5.69s/it]validating:  38%|███▊      | 75/195 [07:34<10:13,  5.11s/it]validating:  39%|███▉      | 76/195 [07:40<10:32,  5.32s/it]validating:  39%|███▉      | 77/195 [07:44<09:48,  4.98s/it]validating:  40%|████      | 78/195 [07:52<11:52,  6.09s/it]validating:  41%|████      | 79/195 [07:57<11:08,  5.76s/it]validating:  41%|████      | 80/195 [08:01<09:54,  5.17s/it]validating:  42%|████▏     | 81/195 [08:07<09:57,  5.24s/it]validating:  42%|████▏     | 82/195 [08:11<09:16,  4.92s/it]validating:  43%|████▎     | 83/195 [08:19<10:52,  5.83s/it]validating:  43%|████▎     | 84/195 [08:27<12:09,  6.57s/it]validating:  44%|████▎     | 85/195 [08:37<13:41,  7.46s/it]validating:  44%|████▍     | 86/195 [08:45<13:49,  7.61s/it]validating:  45%|████▍     | 87/195 [08:51<12:55,  7.18s/it]validating:  45%|████▌     | 88/195 [08:55<11:24,  6.40s/it]validating:  46%|████▌     | 89/195 [08:59<10:06,  5.72s/it]validating:  46%|████▌     | 90/195 [09:04<09:24,  5.37s/it]validating:  47%|████▋     | 91/195 [09:08<08:41,  5.01s/it]validating:  47%|████▋     | 92/195 [09:14<09:03,  5.28s/it]validating:  48%|████▊     | 93/195 [09:19<08:41,  5.11s/it]validating:  48%|████▊     | 94/195 [09:30<11:41,  6.95s/it]validating:  49%|████▊     | 95/195 [09:34<10:10,  6.10s/it]validating:  49%|████▉     | 96/195 [09:40<09:55,  6.01s/it]validating:  50%|████▉     | 97/195 [09:44<09:05,  5.57s/it]validating:  50%|█████     | 98/195 [09:51<09:19,  5.77s/it]validating:  51%|█████     | 99/195 [09:54<08:15,  5.16s/it]validating:  51%|█████▏    | 100/195 [10:00<08:30,  5.37s/it]validating:  52%|█████▏    | 101/195 [10:05<08:13,  5.25s/it]validating:  52%|█████▏    | 102/195 [10:11<08:13,  5.30s/it]validating:  53%|█████▎    | 103/195 [10:15<07:47,  5.08s/it]validating:  53%|█████▎    | 104/195 [10:22<08:25,  5.56s/it]validating:  54%|█████▍    | 105/195 [10:27<08:15,  5.51s/it]validating:  54%|█████▍    | 106/195 [10:34<08:30,  5.74s/it]validating:  55%|█████▍    | 107/195 [10:39<08:17,  5.66s/it]validating:  55%|█████▌    | 108/195 [10:44<07:55,  5.47s/it]validating:  56%|█████▌    | 109/195 [10:49<07:36,  5.31s/it]validating:  56%|█████▋    | 110/195 [10:54<07:23,  5.22s/it]validating:  57%|█████▋    | 111/195 [10:59<07:11,  5.14s/it]validating:  57%|█████▋    | 112/195 [11:03<06:35,  4.77s/it]validating:  58%|█████▊    | 113/195 [11:08<06:35,  4.82s/it]validating:  58%|█████▊    | 114/195 [11:13<06:34,  4.87s/it]validating:  59%|█████▉    | 115/195 [11:17<06:23,  4.79s/it]validating:  59%|█████▉    | 116/195 [11:26<07:41,  5.84s/it]validating:  60%|██████    | 117/195 [11:30<07:05,  5.46s/it]validating:  61%|██████    | 118/195 [11:46<10:58,  8.56s/it]validating:  61%|██████    | 119/195 [11:54<10:25,  8.23s/it]validating:  62%|██████▏   | 120/195 [12:01<10:09,  8.13s/it]validating:  62%|██████▏   | 121/195 [12:08<09:19,  7.56s/it]validating:  63%|██████▎   | 122/195 [12:16<09:37,  7.91s/it]validating:  63%|██████▎   | 123/195 [12:35<13:12, 11.00s/it]validating:  64%|██████▎   | 124/195 [12:38<10:25,  8.81s/it]validating:  64%|██████▍   | 125/195 [12:44<09:15,  7.94s/it]validating:  65%|██████▍   | 126/195 [12:49<08:06,  7.06s/it]validating:  65%|██████▌   | 127/195 [12:57<08:16,  7.30s/it]validating:  66%|██████▌   | 128/195 [13:02<07:30,  6.72s/it]validating:  66%|██████▌   | 129/195 [13:09<07:13,  6.57s/it]validating:  67%|██████▋   | 130/195 [13:12<06:11,  5.71s/it]validating:  67%|██████▋   | 131/195 [13:19<06:23,  5.99s/it]validating:  68%|██████▊   | 132/195 [13:23<05:42,  5.43s/it]validating:  68%|██████▊   | 133/195 [13:27<05:14,  5.08s/it]validating:  69%|██████▊   | 134/195 [13:32<04:52,  4.79s/it]validating:  69%|██████▉   | 135/195 [13:42<06:29,  6.49s/it]validating:  70%|██████▉   | 136/195 [13:49<06:33,  6.67s/it]validating:  70%|███████   | 137/195 [13:58<07:01,  7.27s/it]validating:  71%|███████   | 138/195 [14:02<06:04,  6.40s/it]validating:  71%|███████▏  | 139/195 [14:08<05:48,  6.23s/it]validating:  72%|███████▏  | 140/195 [14:14<05:41,  6.21s/it]validating:  72%|███████▏  | 141/195 [14:20<05:23,  5.99s/it]validating:  73%|███████▎  | 142/195 [14:25<05:07,  5.80s/it]validating:  73%|███████▎  | 143/195 [14:30<04:49,  5.57s/it]validating:  74%|███████▍  | 144/195 [14:36<04:47,  5.63s/it]validating:  74%|███████▍  | 145/195 [14:41<04:31,  5.44s/it]validating:  75%|███████▍  | 146/195 [14:46<04:25,  5.42s/it]validating:  75%|███████▌  | 147/195 [14:53<04:38,  5.80s/it]validating:  76%|███████▌  | 148/195 [14:58<04:26,  5.66s/it]validating:  76%|███████▋  | 149/195 [15:02<04:00,  5.22s/it]validating:  77%|███████▋  | 150/195 [15:07<03:51,  5.15s/it]validating:  77%|███████▋  | 151/195 [15:14<04:06,  5.61s/it]validating:  78%|███████▊  | 152/195 [15:18<03:42,  5.16s/it]validating:  78%|███████▊  | 153/195 [15:24<03:39,  5.23s/it]validating:  79%|███████▉  | 154/195 [15:29<03:41,  5.39s/it]validating:  79%|███████▉  | 155/195 [15:38<04:10,  6.27s/it]validating:  80%|████████  | 156/195 [15:46<04:25,  6.80s/it]validating:  81%|████████  | 157/195 [15:52<04:07,  6.52s/it]validating:  81%|████████  | 158/195 [15:54<03:21,  5.44s/it]validating:  82%|████████▏ | 159/195 [16:01<03:28,  5.80s/it]validating:  82%|████████▏ | 160/195 [16:05<03:05,  5.29s/it]validating:  83%|████████▎ | 161/195 [16:11<03:05,  5.46s/it]validating:  83%|████████▎ | 162/195 [16:15<02:47,  5.06s/it]validating:  84%|████████▎ | 163/195 [16:19<02:34,  4.83s/it]validating:  84%|████████▍ | 164/195 [16:25<02:35,  5.02s/it]validating:  85%|████████▍ | 165/195 [16:30<02:32,  5.08s/it]validating:  85%|████████▌ | 166/195 [16:37<02:40,  5.54s/it]validating:  86%|████████▌ | 167/195 [16:41<02:23,  5.12s/it]validating:  86%|████████▌ | 168/195 [16:45<02:10,  4.83s/it]validating:  87%|████████▋ | 169/195 [16:57<03:04,  7.11s/it]validating:  87%|████████▋ | 170/195 [17:02<02:41,  6.46s/it]validating:  88%|████████▊ | 171/195 [17:07<02:24,  6.02s/it]validating:  88%|████████▊ | 172/195 [17:13<02:16,  5.94s/it]validating:  89%|████████▊ | 173/195 [17:19<02:07,  5.78s/it]validating:  89%|████████▉ | 174/195 [17:27<02:17,  6.54s/it]validating:  90%|████████▉ | 175/195 [17:30<01:51,  5.57s/it]validating:  90%|█████████ | 176/195 [17:34<01:37,  5.15s/it]validating:  91%|█████████ | 177/195 [17:40<01:33,  5.20s/it]validating:  91%|█████████▏| 178/195 [17:44<01:23,  4.91s/it]validating:  92%|█████████▏| 179/195 [17:52<01:32,  5.80s/it]validating:  92%|█████████▏| 180/195 [17:56<01:20,  5.35s/it]validating:  93%|█████████▎| 181/195 [18:01<01:11,  5.11s/it]validating:  93%|█████████▎| 182/195 [18:09<01:20,  6.20s/it]validating:  94%|█████████▍| 183/195 [18:14<01:06,  5.58s/it]validating:  94%|█████████▍| 184/195 [18:19<01:02,  5.65s/it]validating:  95%|█████████▍| 185/195 [18:25<00:57,  5.70s/it]validating:  95%|█████████▌| 186/195 [18:32<00:54,  6.10s/it]validating:  96%|█████████▌| 187/195 [18:39<00:50,  6.26s/it]validating:  96%|█████████▋| 188/195 [18:50<00:54,  7.74s/it]validating:  97%|█████████▋| 189/195 [18:55<00:40,  6.78s/it]validating:  97%|█████████▋| 190/195 [19:00<00:32,  6.50s/it]validating:  98%|█████████▊| 191/195 [19:05<00:23,  5.85s/it]validating:  98%|█████████▊| 192/195 [19:10<00:16,  5.59s/it]validating:  99%|█████████▉| 193/195 [19:15<00:11,  5.53s/it]validating:  99%|█████████▉| 194/195 [19:21<00:05,  5.62s/it]validating: 100%|██████████| 195/195 [19:26<00:00,  5.43s/it]validating: 100%|██████████| 195/195 [19:26<00:00,  5.98s/it]
inferring:   0%|          | 0/195 [00:00<?, ?it/s]inferring:   1%|          | 1/195 [00:05<18:55,  5.85s/it]inferring:   1%|          | 2/195 [00:12<20:50,  6.48s/it]inferring:   2%|▏         | 3/195 [00:18<20:19,  6.35s/it]inferring:   2%|▏         | 4/195 [00:25<20:49,  6.54s/it]inferring:   3%|▎         | 5/195 [00:33<21:51,  6.90s/it]inferring:   3%|▎         | 6/195 [00:44<26:41,  8.47s/it]inferring:   4%|▎         | 7/195 [00:52<25:23,  8.11s/it]inferring:   4%|▍         | 8/195 [00:58<23:03,  7.40s/it]inferring:   5%|▍         | 9/195 [01:05<22:30,  7.26s/it]inferring:   5%|▌         | 10/195 [01:15<25:14,  8.19s/it]inferring:   6%|▌         | 11/195 [01:24<26:14,  8.56s/it]inferring:   6%|▌         | 12/195 [01:29<22:45,  7.46s/it]inferring:   7%|▋         | 13/195 [01:36<21:51,  7.20s/it]inferring:   7%|▋         | 14/195 [01:42<20:45,  6.88s/it]inferring:   8%|▊         | 15/195 [01:48<20:09,  6.72s/it]inferring:   8%|▊         | 16/195 [01:52<17:43,  5.94s/it]inferring:   9%|▊         | 17/195 [02:00<19:31,  6.58s/it]inferring:   9%|▉         | 18/195 [02:08<20:28,  6.94s/it]inferring:  10%|▉         | 19/195 [02:14<19:35,  6.68s/it]inferring:  10%|█         | 20/195 [02:25<23:24,  8.03s/it]inferring:  11%|█         | 21/195 [02:32<21:39,  7.47s/it]inferring:  11%|█▏        | 22/195 [02:39<21:25,  7.43s/it]inferring:  12%|█▏        | 23/195 [02:49<23:41,  8.26s/it]inferring:  12%|█▏        | 24/195 [02:53<19:44,  6.93s/it]inferring:  13%|█▎        | 25/195 [03:02<21:20,  7.53s/it]inferring:  13%|█▎        | 26/195 [03:12<23:18,  8.27s/it]inferring:  14%|█▍        | 27/195 [03:17<20:42,  7.40s/it]inferring:  14%|█▍        | 28/195 [03:25<20:35,  7.40s/it]inferring:  15%|█▍        | 29/195 [03:31<19:24,  7.02s/it]inferring:  15%|█▌        | 30/195 [03:37<18:24,  6.69s/it]inferring:  16%|█▌        | 31/195 [03:46<20:16,  7.42s/it]inferring:  16%|█▋        | 32/195 [03:52<19:15,  7.09s/it]inferring:  17%|█▋        | 33/195 [03:56<16:45,  6.20s/it]inferring:  17%|█▋        | 34/195 [04:03<17:15,  6.43s/it]inferring:  18%|█▊        | 35/195 [04:10<17:16,  6.48s/it]inferring:  18%|█▊        | 36/195 [04:16<16:39,  6.28s/it]inferring:  19%|█▉        | 37/195 [04:19<14:11,  5.39s/it]inferring:  19%|█▉        | 38/195 [04:26<15:01,  5.74s/it]inferring:  20%|██        | 39/195 [04:33<16:11,  6.23s/it]inferring:  21%|██        | 40/195 [04:40<16:24,  6.35s/it]inferring:  21%|██        | 41/195 [04:48<17:43,  6.91s/it]inferring:  22%|██▏       | 42/195 [04:54<16:42,  6.55s/it]inferring:  22%|██▏       | 43/195 [04:59<15:28,  6.11s/it]inferring:  23%|██▎       | 44/195 [05:08<18:12,  7.23s/it]inferring:  23%|██▎       | 45/195 [05:13<16:02,  6.42s/it]inferring:  24%|██▎       | 46/195 [05:21<16:52,  6.79s/it]inferring:  24%|██▍       | 47/195 [05:27<16:17,  6.60s/it]inferring:  25%|██▍       | 48/195 [05:32<15:14,  6.22s/it]inferring:  25%|██▌       | 49/195 [05:40<16:34,  6.81s/it]inferring:  26%|██▌       | 50/195 [05:53<20:46,  8.60s/it]inferring:  26%|██▌       | 51/195 [05:58<17:58,  7.49s/it]inferring:  27%|██▋       | 52/195 [06:04<16:37,  6.97s/it]inferring:  27%|██▋       | 53/195 [06:13<17:45,  7.50s/it]inferring:  28%|██▊       | 54/195 [06:19<17:14,  7.34s/it]inferring:  28%|██▊       | 55/195 [06:24<14:51,  6.37s/it]inferring:  29%|██▊       | 56/195 [06:32<16:16,  7.03s/it]inferring:  29%|██▉       | 57/195 [06:37<14:20,  6.23s/it]inferring:  30%|██▉       | 58/195 [06:43<14:10,  6.21s/it]inferring:  30%|███       | 59/195 [06:52<16:14,  7.16s/it]inferring:  31%|███       | 60/195 [06:59<15:42,  6.98s/it]inferring:  31%|███▏      | 61/195 [07:03<13:40,  6.12s/it]inferring:  32%|███▏      | 62/195 [07:15<17:42,  7.99s/it]inferring:  32%|███▏      | 63/195 [07:20<15:49,  7.19s/it]inferring:  33%|███▎      | 64/195 [07:32<18:54,  8.66s/it]inferring:  33%|███▎      | 65/195 [07:43<19:45,  9.12s/it]inferring:  34%|███▍      | 66/195 [07:48<17:14,  8.02s/it]inferring:  34%|███▍      | 67/195 [07:56<17:18,  8.11s/it]inferring:  35%|███▍      | 68/195 [08:03<16:06,  7.61s/it]inferring:  35%|███▌      | 69/195 [08:09<14:52,  7.09s/it]inferring:  36%|███▌      | 70/195 [08:16<14:41,  7.06s/it]inferring:  36%|███▋      | 71/195 [08:21<13:38,  6.60s/it]inferring:  37%|███▋      | 72/195 [08:26<12:17,  6.00s/it]inferring:  37%|███▋      | 73/195 [08:32<12:25,  6.11s/it]inferring:  38%|███▊      | 74/195 [08:40<13:05,  6.49s/it]inferring:  38%|███▊      | 75/195 [08:45<12:02,  6.02s/it]inferring:  39%|███▉      | 76/195 [08:52<12:30,  6.30s/it]inferring:  39%|███▉      | 77/195 [08:56<11:07,  5.66s/it]inferring:  40%|████      | 78/195 [09:05<13:28,  6.91s/it]inferring:  41%|████      | 79/195 [09:11<12:45,  6.60s/it]inferring:  41%|████      | 80/195 [09:16<11:41,  6.10s/it]inferring:  42%|████▏     | 81/195 [09:23<11:51,  6.24s/it]inferring:  42%|████▏     | 82/195 [09:27<10:33,  5.61s/it]inferring:  43%|████▎     | 83/195 [09:36<12:24,  6.65s/it]inferring:  43%|████▎     | 84/195 [09:47<14:26,  7.81s/it]inferring:  44%|████▎     | 85/195 [09:57<15:38,  8.53s/it]inferring:  44%|████▍     | 86/195 [10:06<15:49,  8.71s/it]inferring:  45%|████▍     | 87/195 [10:13<14:55,  8.29s/it]inferring:  45%|████▌     | 88/195 [10:19<13:19,  7.47s/it]inferring:  46%|████▌     | 89/195 [10:24<11:50,  6.71s/it]inferring:  46%|████▌     | 90/195 [10:28<10:34,  6.05s/it]inferring:  47%|████▋     | 91/195 [10:34<10:07,  5.84s/it]inferring:  47%|████▋     | 92/195 [10:41<10:37,  6.19s/it]inferring:  48%|████▊     | 93/195 [10:45<09:42,  5.71s/it]inferring:  48%|████▊     | 94/195 [10:58<13:26,  7.98s/it]inferring:  49%|████▊     | 95/195 [11:04<11:58,  7.19s/it]inferring:  49%|████▉     | 96/195 [11:11<11:43,  7.11s/it]inferring:  50%|████▉     | 97/195 [11:15<10:20,  6.33s/it]inferring:  50%|█████     | 98/195 [11:22<10:28,  6.48s/it]inferring:  51%|█████     | 99/195 [11:27<09:36,  6.01s/it]inferring:  51%|█████▏    | 100/195 [11:34<09:58,  6.30s/it]inferring:  52%|█████▏    | 101/195 [11:39<09:14,  5.90s/it]inferring:  52%|█████▏    | 102/195 [11:45<09:26,  6.09s/it]inferring:  53%|█████▎    | 103/195 [11:51<09:04,  5.92s/it]inferring:  53%|█████▎    | 104/195 [11:59<09:49,  6.48s/it]inferring:  54%|█████▍    | 105/195 [12:05<09:45,  6.51s/it]inferring:  54%|█████▍    | 106/195 [12:13<10:02,  6.77s/it]inferring:  55%|█████▍    | 107/195 [12:18<09:20,  6.37s/it]inferring:  55%|█████▌    | 108/195 [12:24<09:09,  6.31s/it]inferring:  56%|█████▌    | 109/195 [12:30<08:58,  6.26s/it]inferring:  56%|█████▋    | 110/195 [12:37<08:49,  6.22s/it]inferring:  57%|█████▋    | 111/195 [12:42<08:10,  5.84s/it]inferring:  57%|█████▋    | 112/195 [12:47<07:44,  5.60s/it]inferring:  58%|█████▊    | 113/195 [12:53<07:50,  5.74s/it]inferring:  58%|█████▊    | 114/195 [12:59<07:50,  5.81s/it]inferring:  59%|█████▉    | 115/195 [13:03<07:15,  5.45s/it]inferring:  59%|█████▉    | 116/195 [13:12<08:39,  6.58s/it]inferring:  60%|██████    | 117/195 [13:18<08:12,  6.32s/it]inferring:  61%|██████    | 118/195 [13:37<12:57, 10.10s/it]inferring:  61%|██████    | 119/195 [13:46<12:14,  9.66s/it]inferring:  62%|██████▏   | 120/195 [13:54<11:39,  9.33s/it]inferring:  62%|██████▏   | 121/195 [14:02<10:48,  8.76s/it]inferring:  63%|██████▎   | 122/195 [14:12<11:03,  9.09s/it]inferring:  63%|██████▎   | 123/195 [14:33<15:26, 12.87s/it]inferring:  64%|██████▎   | 124/195 [14:37<11:58, 10.11s/it]inferring:  64%|██████▍   | 125/195 [14:44<10:39,  9.14s/it]inferring:  65%|██████▍   | 126/195 [14:50<09:29,  8.25s/it]inferring:  65%|██████▌   | 127/195 [14:59<09:36,  8.48s/it]inferring:  66%|██████▌   | 128/195 [15:06<08:49,  7.90s/it]inferring:  66%|██████▌   | 129/195 [15:12<08:22,  7.61s/it]inferring:  67%|██████▋   | 130/195 [15:17<07:15,  6.71s/it]inferring:  67%|██████▋   | 131/195 [15:25<07:29,  7.03s/it]inferring:  68%|██████▊   | 132/195 [15:29<06:27,  6.15s/it]inferring:  68%|██████▊   | 133/195 [15:34<06:00,  5.82s/it]inferring:  69%|██████▊   | 134/195 [15:38<05:23,  5.30s/it]inferring:  69%|██████▉   | 135/195 [15:51<07:32,  7.54s/it]inferring:  70%|██████▉   | 136/195 [15:59<07:37,  7.75s/it]inferring:  70%|███████   | 137/195 [16:09<08:00,  8.29s/it]inferring:  71%|███████   | 138/195 [16:14<07:06,  7.47s/it]inferring:  71%|███████▏  | 139/195 [16:21<06:48,  7.29s/it]inferring:  72%|███████▏  | 140/195 [16:28<06:38,  7.25s/it]inferring:  72%|███████▏  | 141/195 [16:35<06:20,  7.04s/it]inferring:  73%|███████▎  | 142/195 [16:40<05:46,  6.54s/it]inferring:  73%|███████▎  | 143/195 [16:46<05:34,  6.43s/it]inferring:  74%|███████▍  | 144/195 [16:53<05:33,  6.54s/it]inferring:  74%|███████▍  | 145/195 [16:59<05:20,  6.41s/it]inferring:  75%|███████▍  | 146/195 [17:06<05:16,  6.46s/it]inferring:  75%|███████▌  | 147/195 [17:14<05:29,  6.86s/it]inferring:  76%|███████▌  | 148/195 [17:19<05:01,  6.41s/it]inferring:  76%|███████▋  | 149/195 [17:24<04:34,  5.96s/it]inferring:  77%|███████▋  | 150/195 [17:30<04:31,  6.02s/it]inferring:  77%|███████▋  | 151/195 [17:38<04:45,  6.49s/it]inferring:  78%|███████▊  | 152/195 [17:42<04:08,  5.78s/it]inferring:  78%|███████▊  | 153/195 [17:48<04:09,  5.94s/it]inferring:  79%|███████▉  | 154/195 [17:55<04:15,  6.24s/it]inferring:  79%|███████▉  | 155/195 [18:04<04:47,  7.20s/it]inferring:  80%|████████  | 156/195 [18:15<05:15,  8.08s/it]inferring:  81%|████████  | 157/195 [18:20<04:41,  7.41s/it]inferring:  81%|████████  | 158/195 [18:25<03:57,  6.41s/it]inferring:  82%|████████▏ | 159/195 [18:32<04:04,  6.80s/it]inferring:  82%|████████▏ | 160/195 [18:36<03:29,  6.00s/it]inferring:  83%|████████▎ | 161/195 [18:43<03:34,  6.30s/it]inferring:  83%|████████▎ | 162/195 [18:49<03:18,  6.01s/it]inferring:  84%|████████▎ | 163/195 [18:54<03:06,  5.84s/it]inferring:  84%|████████▍ | 164/195 [19:00<02:57,  5.72s/it]inferring:  85%|████████▍ | 165/195 [19:06<02:55,  5.85s/it]inferring:  85%|████████▌ | 166/195 [19:13<03:06,  6.42s/it]inferring:  86%|████████▌ | 167/195 [19:18<02:45,  5.92s/it]inferring:  86%|████████▌ | 168/195 [19:22<02:25,  5.38s/it]inferring:  87%|████████▋ | 169/195 [19:37<03:29,  8.07s/it]inferring:  87%|████████▋ | 170/195 [19:43<03:07,  7.50s/it]inferring:  88%|████████▊ | 171/195 [19:49<02:48,  7.03s/it]inferring:  88%|████████▊ | 172/195 [19:56<02:41,  7.01s/it]inferring:  89%|████████▊ | 173/195 [20:01<02:23,  6.51s/it]inferring:  89%|████████▉ | 174/195 [20:12<02:42,  7.76s/it]inferring:  90%|████████▉ | 175/195 [20:15<02:08,  6.42s/it]inferring:  90%|█████████ | 176/195 [20:20<01:54,  6.04s/it]inferring:  91%|█████████ | 177/195 [20:26<01:49,  6.08s/it]inferring:  91%|█████████▏| 178/195 [20:31<01:33,  5.51s/it]inferring:  92%|█████████▏| 179/195 [20:40<01:44,  6.56s/it]inferring:  92%|█████████▏| 180/195 [20:45<01:33,  6.23s/it]inferring:  93%|█████████▎| 181/195 [20:51<01:25,  6.08s/it]inferring:  93%|█████████▎| 182/195 [21:01<01:33,  7.19s/it]inferring:  94%|█████████▍| 183/195 [21:06<01:19,  6.63s/it]inferring:  94%|█████████▍| 184/195 [21:13<01:13,  6.65s/it]inferring:  95%|█████████▍| 185/195 [21:18<01:03,  6.39s/it]inferring:  95%|█████████▌| 186/195 [21:27<01:03,  7.04s/it]inferring:  96%|█████████▌| 187/195 [21:35<00:58,  7.27s/it]inferring:  96%|█████████▋| 188/195 [21:47<01:00,  8.69s/it]inferring:  97%|█████████▋| 189/195 [21:52<00:46,  7.80s/it]inferring:  97%|█████████▋| 190/195 [21:59<00:37,  7.48s/it]inferring:  98%|█████████▊| 191/195 [22:04<00:26,  6.53s/it]inferring:  98%|█████████▊| 192/195 [22:10<00:19,  6.41s/it]inferring:  99%|█████████▉| 193/195 [22:16<00:12,  6.35s/it]inferring:  99%|█████████▉| 194/195 [22:23<00:06,  6.48s/it]inferring: 100%|██████████| 195/195 [22:29<00:00,  6.36s/it]inferring: 100%|██████████| 195/195 [22:29<00:00,  6.92s/it]
[nltk_data] Error loading wordnet: <urlopen error [SSL:
[nltk_data]     CERTIFICATE_VERIFY_FAILED] certificate verify failed:
[nltk_data]     unable to get local issuer certificate (_ssl.c:1091)>
[nltk_data] Error loading wordnet: HTTP Error 404: Not Found
{
  "max_length": 40,
  "min_length": 10,
  "do_sample": true,
  "temperature": 0.7,
  "top_k": 0,
  "top_p": 0.9,
  "num_beams": 1,
  "num_return_sequences": 1,
  "length_penalty": 1.0,
  "repetition_penalty": 1.0,
  "no_repeat_ngram_size": 3,
  "encoder_no_repeat_ngram_size": 3,
  "pad_token_id": 0,
  "bos_token_id": 1,
  "eos_token_id": 2
}

 Epoch 0: Val loss 2.7508437633514404 Val ppl 15.65583610534668 
Traceback (most recent call last):
  File "/home/pengwei.pw/.conda/envs/hug/lib/python3.7/site-packages/pattern/text/en/wordnet/__init__.py", line 57, in <module>
    nltk.data.find("corpora/" + token)
  File "/home/pengwei.pw/.conda/envs/hug/lib/python3.7/site-packages/nltk/data.py", line 585, in find
    raise LookupError(resource_not_found)
LookupError: 
**********************************************************************
  Resource [93mwordnet[0m not found.
  Please use the NLTK Downloader to obtain the resource:

  [31m>>> import nltk
  >>> nltk.download('wordnet')
  [0m
  For more information see: https://www.nltk.org/data.html

  Attempted to load [93mcorpora/wordnet[0m

  Searched in:
    - '/home/pengwei.pw/nltk_data'
    - '/home/pengwei.pw/.conda/envs/hug/nltk_data'
    - '/home/pengwei.pw/.conda/envs/hug/share/nltk_data'
    - '/home/pengwei.pw/.conda/envs/hug/lib/nltk_data'
    - '/usr/share/nltk_data'
    - '/usr/local/share/nltk_data'
    - '/usr/lib/nltk_data'
    - '/usr/local/lib/nltk_data'
**********************************************************************


During handling of the above exception, another exception occurred:

Traceback (most recent call last):
  File "/home/pengwei.pw/.conda/envs/hug/lib/python3.7/site-packages/pattern/text/en/wordnet/__init__.py", line 60, in <module>
    nltk.download(token, quiet = True, raise_on_error = True)
  File "/home/pengwei.pw/.conda/envs/hug/lib/python3.7/site-packages/nltk/downloader.py", line 784, in download
    raise ValueError(msg.message)
ValueError: Error loading wordnet: <urlopen error [SSL: CERTIFICATE_VERIFY_FAILED] certificate verify failed: unable to get local issuer certificate (_ssl.c:1091)>

During handling of the above exception, another exception occurred:

Traceback (most recent call last):
  File "infer.py", line 383, in <module>
    metric = NLGEval()
  File "/home/pengwei.pw/fourth_next/phy_diag/codes_zcj/metric/__init__.py", line 169, in __init__
    self.load_glove()
  File "/home/pengwei.pw/fourth_next/phy_diag/codes_zcj/metric/__init__.py", line 192, in load_glove
    from metric.word2vec.evaluate import Embedding
  File "/home/pengwei.pw/fourth_next/phy_diag/codes_zcj/metric/word2vec/evaluate.py", line 8, in <module>
    from gensim.models import KeyedVectors
  File "/home/pengwei.pw/.conda/envs/hug/lib/python3.7/site-packages/gensim/__init__.py", line 5, in <module>
    from gensim import parsing, corpora, matutils, interfaces, models, similarities, summarization, utils  # noqa:F401
  File "/home/pengwei.pw/.conda/envs/hug/lib/python3.7/site-packages/gensim/corpora/__init__.py", line 14, in <module>
    from .wikicorpus import WikiCorpus  # noqa:F401
  File "/home/pengwei.pw/.conda/envs/hug/lib/python3.7/site-packages/gensim/corpora/wikicorpus.py", line 544, in <module>
    class WikiCorpus(TextCorpus):
  File "/home/pengwei.pw/.conda/envs/hug/lib/python3.7/site-packages/gensim/corpora/wikicorpus.py", line 582, in WikiCorpus
    def __init__(self, fname, processes=None, lemmatize=utils.has_pattern(), dictionary=None,
  File "/home/pengwei.pw/.conda/envs/hug/lib/python3.7/site-packages/gensim/utils.py", line 1628, in has_pattern
    from pattern.en import parse  # noqa:F401
  File "/home/pengwei.pw/.conda/envs/hug/lib/python3.7/site-packages/pattern/text/en/__init__.py", line 61, in <module>
    from pattern.text.en.inflect import (
  File "/home/pengwei.pw/.conda/envs/hug/lib/python3.7/site-packages/pattern/text/en/__init__.py", line 80, in <module>
    from pattern.text.en import wordnet
  File "/home/pengwei.pw/.conda/envs/hug/lib/python3.7/site-packages/pattern/text/en/wordnet/__init__.py", line 65, in <module>
    d.download(token, quiet = True, raise_on_error = True)
  File "/home/pengwei.pw/.conda/envs/hug/lib/python3.7/site-packages/nltk/downloader.py", line 784, in download
    raise ValueError(msg.message)
ValueError: Error loading wordnet: HTTP Error 404: Not Found
